<?xml version="1.0" encoding="UTF-8"?>
<!-- Generated by org.testng.reporters.JUnitXMLReporter -->
<testsuite hostname="INDLAPTOP335" ignored="0" name="Test" tests="4" failures="0" timestamp="2020-07-29T05:05:10 IST" time="0.089" errors="0">
  <testcase name="AndroidTest" time="0.008" classname="qaclickacademy.AppiumTest"/>
  <testcase name="iOSTest" time="0.0" classname="qaclickacademy.AppiumTest"/>
  <testcase name="BrowserAutomation" time="0.0" classname="qaclickacademy.SeleniumTest"/>
  <testcase name="ELementsUI" time="0.001" classname="qaclickacademy.SeleniumTest"/>
</testsuite> <!-- Test -->
