<?xml version="1.0" encoding="UTF-8"?>
<testng-results skipped="0" failed="0" ignored="0" total="4" passed="4">
  <reporter-output>
  </reporter-output>
  <suite name="Suite" duration-ms="89" started-at="2020-07-29T05:05:10 IST" finished-at="2020-07-29T05:05:10 IST">
    <groups>
    </groups>
    <test name="Test" duration-ms="89" started-at="2020-07-29T05:05:10 IST" finished-at="2020-07-29T05:05:10 IST">
      <class name="qaclickacademy.AppiumTest">
        <test-method status="PASS" signature="AndroidTest()[pri:0, instance:qaclickacademy.AppiumTest@67784306]" name="AndroidTest" duration-ms="8" started-at="2020-07-29T05:05:10 IST" finished-at="2020-07-29T05:05:10 IST">
          <reporter-output>
          </reporter-output>
        </test-method> <!-- AndroidTest -->
        <test-method status="PASS" signature="iOSTest()[pri:0, instance:qaclickacademy.AppiumTest@67784306]" name="iOSTest" duration-ms="0" started-at="2020-07-29T05:05:10 IST" finished-at="2020-07-29T05:05:10 IST">
          <reporter-output>
          </reporter-output>
        </test-method> <!-- iOSTest -->
      </class> <!-- qaclickacademy.AppiumTest -->
      <class name="qaclickacademy.SeleniumTest">
        <test-method status="PASS" signature="BrowserAutomation()[pri:0, instance:qaclickacademy.SeleniumTest@335eadca]" name="BrowserAutomation" duration-ms="0" started-at="2020-07-29T05:05:10 IST" finished-at="2020-07-29T05:05:10 IST">
          <reporter-output>
          </reporter-output>
        </test-method> <!-- BrowserAutomation -->
        <test-method status="PASS" signature="ELementsUI()[pri:0, instance:qaclickacademy.SeleniumTest@335eadca]" name="ELementsUI" duration-ms="1" started-at="2020-07-29T05:05:10 IST" finished-at="2020-07-29T05:05:10 IST">
          <reporter-output>
          </reporter-output>
        </test-method> <!-- ELementsUI -->
      </class> <!-- qaclickacademy.SeleniumTest -->
    </test> <!-- Test -->
  </suite> <!-- Suite -->
</testng-results>
