<?xml version="1.0" encoding="UTF-8"?>
<testng-results skipped="0" failed="0" ignored="0" total="2" passed="2">
  <reporter-output>
  </reporter-output>
  <suite name="Default suite" duration-ms="87" started-at="2020-07-29T03:02:10 IST" finished-at="2020-07-29T03:02:11 IST">
    <groups>
    </groups>
    <test name="Default test" duration-ms="87" started-at="2020-07-29T03:02:10 IST" finished-at="2020-07-29T03:02:11 IST">
      <class name="qaclickacademy.AppiumTest">
        <test-method status="PASS" signature="AndroidTest()[pri:0, instance:qaclickacademy.AppiumTest@6acdbdf5]" name="AndroidTest" duration-ms="15" started-at="2020-07-29T03:02:10 IST" finished-at="2020-07-29T03:02:11 IST">
          <reporter-output>
          </reporter-output>
        </test-method> <!-- AndroidTest -->
        <test-method status="PASS" signature="iOSTest()[pri:0, instance:qaclickacademy.AppiumTest@6acdbdf5]" name="iOSTest" duration-ms="6" started-at="2020-07-29T03:02:11 IST" finished-at="2020-07-29T03:02:11 IST">
          <reporter-output>
          </reporter-output>
        </test-method> <!-- iOSTest -->
      </class> <!-- qaclickacademy.AppiumTest -->
    </test> <!-- Default test -->
  </suite> <!-- Default suite -->
</testng-results>
